<?xml version="1.0" encoding="UTF-8"?>
<!-- Generated by org.testng.reporters.JUnitXMLReporter -->
<testsuite hostname="DESKTOP-7ME5DRG" ignored="1" name="AutomationPracticeLoginTillCheckout" tests="1" failures="1" timestamp="2020-07-21T12:52:14 IST" time="0.115" errors="0">
  <testcase name="verifyAmountCalculatedSuccessfully" time="0.003" classname="com.crm.qa.testcases.OrderConfirmationPageTest">
    <failure type="java.lang.NullPointerException">
      <![CDATA[java.lang.NullPointerException
at org.openqa.selenium.support.pagefactory.DefaultElementLocator.findElement(DefaultElementLocator.java:69)
at org.openqa.selenium.support.pagefactory.internal.LocatingElementHandler.invoke(LocatingElementHandler.java:38)
at com.sun.proxy.$Proxy10.clear(Unknown Source)
at com.crm.qa.util.WriteUtil.writeTo(WriteUtil.java:12)
at com.crm.qa.pages.CreateAccountLinkPage.fillEmailAddressFieldSignIn(CreateAccountLinkPage.java:56)
at com.crm.qa.testcases.OrderConfirmationPageTest.verifyAmountCalculatedSuccessfully(OrderConfirmationPageTest.java:127)
at java.util.ArrayList.forEach(Unknown Source)
... Removed 27 stack frames]]>
    </failure>
  </testcase> <!-- verifyAmountCalculatedSuccessfully -->
  <testcase name="verifyOrderPlacedSuccessfully" time="0.0" classname="com.crm.qa.testcases.OrderConfirmationPageTest">
    <ignored/>
  </testcase> <!-- verifyOrderPlacedSuccessfully -->
</testsuite> <!-- AutomationPracticeLoginTillCheckout -->
