<?xml version="1.0" encoding="UTF-8"?>
<!-- Generated by org.testng.reporters.JUnitXMLReporter -->
<testsuite hostname="DESKTOP-7ME5DRG" ignored="0" name="Free CRM App Test Cases" tests="8" failures="0" timestamp="2020-07-21T08:56:06 IST" time="233.412" errors="0">
  <testcase name="verifyFormFilledSuccessfully" time="13.208" classname="com.crm.qa.testcases.CreateAccountPageTest"/>
  <testcase name="verifyLogoutLoginSuccessfully" time="4.15" classname="com.crm.qa.testcases.MyAccountPageTest"/>
  <testcase name="verifyAmountCalculatedSuccessfully" time="13.449" classname="com.crm.qa.testcases.OrderConfirmationPageTest"/>
  <testcase name="verifyOrderPlacedSuccessfully" time="22.19" classname="com.crm.qa.testcases.OrderConfirmationPageTest"/>
  <testcase name="verifyTotalAmountCalculatedSuccessfully" time="13.724" classname="com.crm.qa.testcases.OrderConfirmationPageTest"/>
  <testcase name="verifyTotalInOrdersHistoryPageShownCorrectly" time="25.361" classname="com.crm.qa.testcases.OrderConfirmationPageTest"/>
  <testcase name="verifyTotalInPaymentPageShownCorrectly" time="17.962" classname="com.crm.qa.testcases.OrderConfirmationPageTest"/>
  <testcase name="verifyTotalInShippingPageShownCorrectly" time="14.368" classname="com.crm.qa.testcases.OrderConfirmationPageTest"/>
</testsuite> <!-- Free CRM App Test Cases -->
