<?xml version="1.0" encoding="UTF-8"?>
<testng-results skipped="0" failed="0" ignored="0" total="1" passed="1">
  <reporter-output>
  </reporter-output>
  <suite name="FREE CRM Application Test Automation Test Suite" duration-ms="58229" started-at="2020-07-20T18:23:57 IST" finished-at="2020-07-20T18:24:55 IST">
    <groups>
    </groups>
    <test name="Free CRM App Test Cases" duration-ms="58229" started-at="2020-07-20T18:23:57 IST" finished-at="2020-07-20T18:24:55 IST">
      <class name="com.crm.qa.testcases.OrderConfirmationPageTest">
        <test-method status="PASS" signature="setUp()[pri:0, instance:com.crm.qa.testcases.OrderConfirmationPageTest@77e9807f]" name="setUp" is-config="true" duration-ms="19913" started-at="2020-07-20T18:23:57 IST" finished-at="2020-07-20T18:24:17 IST">
          <reporter-output>
          </reporter-output>
        </test-method> <!-- setUp -->
        <test-method status="PASS" signature="verifyOrderPlacedSuccessfully(java.lang.String, java.lang.String, java.lang.String, java.lang.String, java.lang.String, java.lang.String, java.lang.String, java.lang.String, java.lang.String, java.lang.String, java.lang.String, java.lang.String, java.lang.String, java.lang.String, java.lang.String)[pri:1, instance:com.crm.qa.testcases.OrderConfirmationPageTest@77e9807f]" name="verifyOrderPlacedSuccessfully" duration-ms="36519" started-at="2020-07-20T18:24:17 IST" data-provider="getCRMTestData" finished-at="2020-07-20T18:24:54 IST">
          <params>
            <param index="0">
              <value>
                <![CDATA[Bhargav]]>
              </value>
            </param>
            <param index="1">
              <value>
                <![CDATA[Joshi]]>
              </value>
            </param>
            <param index="2">
              <value>
                <![CDATA[bhargavjsh96@gmail.com]]>
              </value>
            </param>
            <param index="3">
              <value>
                <![CDATA[Bjoshi06#]]>
              </value>
            </param>
            <param index="4">
              <value>
                <![CDATA[6]]>
              </value>
            </param>
            <param index="5">
              <value>
                <![CDATA[10]]>
              </value>
            </param>
            <param index="6">
              <value>
                <![CDATA[1991]]>
              </value>
            </param>
            <param index="7">
              <value>
                <![CDATA[ABC]]>
              </value>
            </param>
            <param index="8">
              <value>
                <![CDATA[RH39]]>
              </value>
            </param>
            <param index="9">
              <value>
                <![CDATA[PS]]>
              </value>
            </param>
            <param index="10">
              <value>
                <![CDATA[Pune]]>
              </value>
            </param>
            <param index="11">
              <value>
                <![CDATA[2]]>
              </value>
            </param>
            <param index="12">
              <value>
                <![CDATA[41102]]>
              </value>
            </param>
            <param index="13">
              <value>
                <![CDATA[9910295845]]>
              </value>
            </param>
            <param index="14">
              <value>
                <![CDATA[2]]>
              </value>
            </param>
          </params>
          <reporter-output>
          </reporter-output>
        </test-method> <!-- verifyOrderPlacedSuccessfully -->
        <test-method status="PASS" signature="tearDown()[pri:0, instance:com.crm.qa.testcases.OrderConfirmationPageTest@77e9807f]" name="tearDown" is-config="true" duration-ms="872" started-at="2020-07-20T18:24:54 IST" finished-at="2020-07-20T18:24:55 IST">
          <reporter-output>
          </reporter-output>
        </test-method> <!-- tearDown -->
      </class> <!-- com.crm.qa.testcases.OrderConfirmationPageTest -->
    </test> <!-- Free CRM App Test Cases -->
  </suite> <!-- FREE CRM Application Test Automation Test Suite -->
</testng-results>
